2025-10-10 13:55:25 [-] [core_ai.langflow.client.__init__] [INFO] Langflow client initialized
2025-10-10 13:55:25 [-] [core_ai.indexing.vector_store.__init__] [INFO] Vector store initialized (persist='d:\Development\simple-cloud-kit-oss\simple-cloud-kit\sck-core-ai\data\vectordb', model='all-MiniLM-L6-v2')
2025-10-10 13:55:26 [-] [core_ai.indexing.documentation_indexer.__init__] [INFO] Documentation indexer initialized for: d:\Development\simple-cloud-kit-oss\simple-cloud-kit\sck-core-docs\build
2025-10-10 13:55:26 [-] [core_ai.indexing.codebase_indexer.__init__] [INFO] Codebase indexer initialized for workspace: d:\Development\simple-cloud-kit-oss\simple-cloud-kit
2025-10-10 13:55:26 [-] [core_ai.indexing.context_manager.__init__] [INFO] Indexing system initialized with workspace: d:\Development\simple-cloud-kit-oss\simple-cloud-kit
2025-10-10 13:55:26 [-] [core_ai.cache.run_idempotent] [DEBUG] AI local idempotent store
2025-10-10 13:55:29 [-] [core_ai.indexing.consumables_indexer._discover_consumable_roots] [WARN] Consumables root not found
    path: 
      D:\Development\simple-cloud-kit-oss\sck-core-component\core_component\compiler\consumables
2025-10-10 13:55:29 [-] [core_ai.indexing.consumables_indexer._discover_consumable_roots] [WARN] Consumables root not found
    path: 
      D:\Development\simple-cloud-kit-oss\sck-core-component\core_component\compiler\consumables
2025-10-10 13:55:29 [-] [core_ai.indexing.consumables_indexer._discover_consumable_roots] [WARN] Consumables root not found
    path: 
      D:\Development\simple-cloud-kit-oss\sck-core-component\core_component\compiler\consumables
2025-10-10 13:55:29 [-] [core_ai.langflow.client.__init__] [INFO] Langflow client initialized
2025-10-10 13:55:29 [-] [core_ai.langflow.client.__init__] [INFO] Langflow client initialized
2025-10-10 13:55:29 [-] [core_ai.langflow.client.__init__] [INFO] Langflow client initialized
2025-10-10 13:55:29 [-] [core_ai.langflow.client.__init__] [INFO] Langflow client initialized
2025-10-10 13:55:29 [-] [core_ai.langflow.client.__init__] [INFO] Langflow client initialized
2025-10-10 13:55:29 [-] [core_ai.langflow.client.process_sync] [INFO] Starting Langflow processing
2025-10-10 13:55:29 [-] [core_ai.langflow.client.process_sync] [DEBUG] Attempting Langflow execution
2025-10-10 13:55:29 [-] [core_ai.langflow.client.process_sync] [DEBUG] Attempting Langflow execution
2025-10-10 13:55:29 [-] [core_ai.langflow.client.process_sync] [DEBUG] Attempting Langflow execution
2025-10-10 13:55:29 [-] [core_ai.langflow.client.process_sync] [DEBUG] Attempting Langflow execution
2025-10-10 13:55:29 [-] [core_ai.langflow.client.process_sync] [DEBUG] Attempting Langflow execution
2025-10-10 13:55:29 [-] [core_ai.langflow.client.process_sync] [DEBUG] Attempting Langflow execution
2025-10-10 13:55:29 [-] [core_ai.langflow.client.process_sync] [DEBUG] Attempting Langflow execution
2025-10-10 13:55:29 [-] [core_ai.langflow.client.process_sync] [DEBUG] Attempting Langflow execution
2025-10-10 13:55:29 [-] [core_ai.langflow.client.process_sync] [DEBUG] Attempting Langflow execution
2025-10-10 13:55:29 [-] [core_ai.langflow.client.process_sync] [DEBUG] Attempting Langflow execution
2025-10-10 13:55:29 [-] [core_ai.langflow.client.process_sync] [DEBUG] Attempting Langflow execution
2025-10-10 13:55:29 [-] [core_ai.langflow.client.process_sync] [DEBUG] Attempting Langflow execution
2025-10-10 13:55:29 [-] [core_ai.langflow.client.process_sync] [ERROR] Langflow processing failed
2025-10-10 13:55:29 [-] [core_ai.langflow.client.__init__] [INFO] Langflow client initialized
2025-10-10 13:55:29 [-] [core_ai.langflow.client.process_sync] [INFO] Starting Langflow processing
2025-10-10 13:55:29 [-] [core_ai.langflow.client.process_sync] [DEBUG] Attempting Langflow execution
2025-10-10 13:55:29 [-] [core_ai.langflow.client.process_sync] [DEBUG] Attempting Langflow execution
2025-10-10 13:55:29 [-] [core_ai.langflow.client.process_sync] [DEBUG] Attempting Langflow execution
2025-10-10 13:55:29 [-] [core_ai.langflow.client.process_sync] [DEBUG] Attempting Langflow execution
2025-10-10 13:55:29 [-] [core_ai.langflow.client.process_sync] [DEBUG] Attempting Langflow execution
2025-10-10 13:55:29 [-] [core_ai.langflow.client.process_sync] [DEBUG] Attempting Langflow execution
2025-10-10 13:55:29 [-] [core_ai.langflow.client.process_sync] [DEBUG] Attempting Langflow execution
2025-10-10 13:55:29 [-] [core_ai.langflow.client.process_sync] [DEBUG] Attempting Langflow execution
2025-10-10 13:55:29 [-] [core_ai.langflow.client.process_sync] [DEBUG] Attempting Langflow execution
2025-10-10 13:55:29 [-] [core_ai.langflow.client.process_sync] [DEBUG] Attempting Langflow execution
2025-10-10 13:55:29 [-] [core_ai.langflow.client.process_sync] [DEBUG] Attempting Langflow execution
2025-10-10 13:55:29 [-] [core_ai.langflow.client.process_sync] [DEBUG] Attempting Langflow execution
2025-10-10 13:55:29 [-] [core_ai.langflow.client.process_sync] [ERROR] Langflow processing failed
2025-10-10 13:55:29 [-] [core_ai.langflow.client.__init__] [INFO] Langflow client initialized
2025-10-10 13:55:29 [-] [core_ai.langflow.client.__init__] [INFO] Langflow client initialized
2025-10-10 13:55:29 [-] [core_ai.langflow.client.__init__] [INFO] Langflow client initialized
2025-10-10 13:55:29 [-] [core_ai.langflow.client.__init__] [INFO] Langflow client initialized
2025-10-10 13:55:29 [-] [core_ai.langflow.client.__init__] [INFO] Langflow client initialized
2025-10-10 13:55:29 [-] [core_ai.langflow.client.__init__] [INFO] Langflow client initialized
2025-10-10 13:55:29 [-] [core_ai.langflow.client.__init__] [INFO] Langflow client initialized
2025-10-10 13:55:39 [-] [core_ai.indexing.vector_store.ensure_collection] [DEBUG] Ensured collection: consumables
2025-10-10 13:55:39 [-] [core_ai.indexing.vector_store.ensure_collection] [DEBUG] Ensured collection: codebase
2025-10-10 13:55:39 [-] [core_ai.indexing.vector_store.ensure_collection] [DEBUG] Ensured collection: architecture
2025-10-10 13:55:39 [-] [core_ai.indexing.vector_store.ensure_collection] [DEBUG] Ensured collection: documentation
2025-10-10 13:55:39 [-] [core_ai.indexing.vector_store.ensure_collection] [DEBUG] Ensured collection: actions
2025-10-10 13:55:39 [-] [core_ai.indexing.context_manager.initialize_indexes] [INFO] Documentation index already exists, skipping
2025-10-10 13:55:39 [-] [core_ai.indexing.context_manager.initialize_indexes] [INFO] Codebase index already exists, skipping
2025-10-10 13:55:39 [-] [core_ai.indexing.context_manager.initialize_indexes] [INFO] Consumables index already exists, skipping
2025-10-10 13:55:39 [-] [core_ai.indexing.context_manager.initialize_indexes] [INFO] Actions index already exists, skipping
2025-10-10 13:55:40 [-] [core_ai.indexing.vector_store.search_documents] [DEBUG] Found 1 results for query in documentation
2025-10-10 13:55:40 [-] [core_ai.indexing.vector_store.search_documents] [DEBUG] Found 1 results for query in codebase
2025-10-10 13:55:40 [-] [core_ai.indexing.vector_store.search_documents] [DEBUG] Found 1 results for query in consumables
2025-10-10 13:55:40 [-] [core_ai.indexing.vector_store.search_documents] [DEBUG] Found 1 results for query in actions
2025-10-10 13:57:03 [-] [core_ai.langflow.client.__init__] [INFO] Langflow client initialized
2025-10-10 13:57:03 [-] [core_ai.indexing.vector_store.__init__] [INFO] Vector store initialized (persist='d:\Development\simple-cloud-kit-oss\simple-cloud-kit\sck-core-ai\data\vectordb', model='all-MiniLM-L6-v2')
2025-10-10 13:57:03 [-] [core_ai.indexing.documentation_indexer.__init__] [INFO] Documentation indexer initialized for: d:\Development\simple-cloud-kit-oss\simple-cloud-kit\sck-core-docs\build
2025-10-10 13:57:03 [-] [core_ai.indexing.codebase_indexer.__init__] [INFO] Codebase indexer initialized for workspace: d:\Development\simple-cloud-kit-oss\simple-cloud-kit
2025-10-10 13:57:04 [-] [core_ai.indexing.context_manager.__init__] [INFO] Indexing system initialized with workspace: d:\Development\simple-cloud-kit-oss\simple-cloud-kit
2025-10-10 13:57:23 [-] [core_ai.cache.run_idempotent] [DEBUG] AI local idempotent store
2025-10-10 13:59:44 [-] [core_ai.langflow.client.__init__] [INFO] Langflow client initialized
2025-10-10 13:59:44 [-] [core_ai.indexing.vector_store.__init__] [INFO] Vector store initialized (persist='d:\Development\simple-cloud-kit-oss\simple-cloud-kit\sck-core-ai\data\vectordb', model='all-MiniLM-L6-v2')
2025-10-10 13:59:44 [-] [core_ai.indexing.documentation_indexer.__init__] [INFO] Documentation indexer initialized for: d:\Development\simple-cloud-kit-oss\simple-cloud-kit\sck-core-docs\build
2025-10-10 13:59:44 [-] [core_ai.indexing.codebase_indexer.__init__] [INFO] Codebase indexer initialized for workspace: d:\Development\simple-cloud-kit-oss\simple-cloud-kit
2025-10-10 13:59:45 [-] [core_ai.indexing.context_manager.__init__] [INFO] Indexing system initialized with workspace: d:\Development\simple-cloud-kit-oss\simple-cloud-kit
2025-10-10 13:59:54 [-] [core_ai.cache.run_idempotent] [DEBUG] Cache MISS for key = ai-local-idem:global:op.test:81fbc81d78c39a58aa90cc55bbfffabb4d2776a2957ce5640b82e193bc73e42a
2025-10-10 13:59:54 [-] [core_ai.cache.run_idempotent] [DEBUG] AI local idempotent store
2025-10-10 13:59:54 [-] [core_ai.cache.run_idempotent] [DEBUG] Cache HIT for key = ai-local-idem:global:op.test:81fbc81d78c39a58aa90cc55bbfffabb4d2776a2957ce5640b82e193bc73e42a
2025-10-10 14:00:46 [-] [core_ai.cache.run_idempotent] [DEBUG] Cache MISS for key = ai-local-idem:global:op.test:81fbc81d78c39a58aa90cc55bbfffabb4d2776a2957ce5640b82e193bc73e42a
2025-10-10 14:00:46 [-] [core_ai.cache.run_idempotent] [DEBUG] AI local idempotent store
2025-10-10 14:00:46 [-] [core_ai.cache.run_idempotent] [DEBUG] Cache HIT for key = ai-local-idem:global:op.test:81fbc81d78c39a58aa90cc55bbfffabb4d2776a2957ce5640b82e193bc73e42a
2025-10-10 14:02:20 [-] [core_ai.langflow.client.__init__] [INFO] Langflow client initialized
2025-10-10 14:02:21 [-] [core_ai.indexing.vector_store.__init__] [INFO] Vector store initialized (persist='d:\Development\simple-cloud-kit-oss\simple-cloud-kit\sck-core-ai\data\vectordb', model='all-MiniLM-L6-v2')
2025-10-10 14:02:21 [-] [core_ai.indexing.documentation_indexer.__init__] [INFO] Documentation indexer initialized for: d:\Development\simple-cloud-kit-oss\simple-cloud-kit\sck-core-docs\build
2025-10-10 14:02:21 [-] [core_ai.indexing.codebase_indexer.__init__] [INFO] Codebase indexer initialized for workspace: d:\Development\simple-cloud-kit-oss\simple-cloud-kit
2025-10-10 14:02:21 [-] [core_ai.indexing.context_manager.__init__] [INFO] Indexing system initialized with workspace: d:\Development\simple-cloud-kit-oss\simple-cloud-kit
2025-10-10 14:02:36 [-] [core_ai.cache.run_idempotent] [DEBUG] Cache MISS for key = ai-local-idem:global:op.test:81fbc81d78c39a58aa90cc55bbfffabb4d2776a2957ce5640b82e193bc73e42a
2025-10-10 14:02:36 [-] [core_ai.cache.run_idempotent] [DEBUG] AI local idempotent store ai-local-idem:global:op.test:81fbc81d78c39a58aa90cc55bbfffabb4d2776a2957ce5640b82e193bc73e42a, 0
2025-10-10 14:02:36 [-] [core_ai.cache.run_idempotent] [DEBUG] Cache HIT for key = ai-local-idem:global:op.test:81fbc81d78c39a58aa90cc55bbfffabb4d2776a2957ce5640b82e193bc73e42a
2025-10-10 14:05:13 [-] [core_ai.langflow.client.__init__] [INFO] Langflow client initialized
2025-10-10 14:05:14 [-] [core_ai.indexing.vector_store.__init__] [INFO] Vector store initialized (persist='d:\Development\simple-cloud-kit-oss\simple-cloud-kit\sck-core-ai\data\vectordb', model='all-MiniLM-L6-v2')
2025-10-10 14:05:14 [-] [core_ai.indexing.documentation_indexer.__init__] [INFO] Documentation indexer initialized for: d:\Development\simple-cloud-kit-oss\simple-cloud-kit\sck-core-docs\build
2025-10-10 14:05:14 [-] [core_ai.indexing.codebase_indexer.__init__] [INFO] Codebase indexer initialized for workspace: d:\Development\simple-cloud-kit-oss\simple-cloud-kit
2025-10-10 14:05:14 [-] [core_ai.indexing.context_manager.__init__] [INFO] Indexing system initialized with workspace: d:\Development\simple-cloud-kit-oss\simple-cloud-kit
2025-10-10 14:05:28 [-] [core_ai.langflow.client.__init__] [INFO] Langflow client initialized
2025-10-10 14:05:28 [-] [core_ai.indexing.vector_store.__init__] [INFO] Vector store initialized (persist='d:\Development\simple-cloud-kit-oss\simple-cloud-kit\sck-core-ai\data\vectordb', model='all-MiniLM-L6-v2')
2025-10-10 14:05:28 [-] [core_ai.indexing.documentation_indexer.__init__] [INFO] Documentation indexer initialized for: d:\Development\simple-cloud-kit-oss\simple-cloud-kit\sck-core-docs\build
2025-10-10 14:05:28 [-] [core_ai.indexing.codebase_indexer.__init__] [INFO] Codebase indexer initialized for workspace: d:\Development\simple-cloud-kit-oss\simple-cloud-kit
2025-10-10 14:05:29 [-] [core_ai.indexing.context_manager.__init__] [INFO] Indexing system initialized with workspace: d:\Development\simple-cloud-kit-oss\simple-cloud-kit
2025-10-10 14:08:00 [-] [core_ai.cache.run_idempotent] [DEBUG] Cache MISS for key=ai-local-idem:global:op.test:81fbc81d78c39a58aa90cc55bbfffabb4d2776a2957ce5640b82e193bc73e42a
2025-10-10 14:08:00 [-] [core_ai.cache.run_idempotent] [DEBUG] AI local idempotent store key=ai-local-idem:global:op.test:81fbc81d78c39a58aa90cc55bbfffabb4d2776a2957ce5640b82e193bc73e42a, duration_ms=0
2025-10-10 14:08:00 [-] [core_ai.cache.run_idempotent] [DEBUG] Cache HIT for key=ai-local-idem:global:op.test:81fbc81d78c39a58aa90cc55bbfffabb4d2776a2957ce5640b82e193bc73e42a
2025-10-10 14:09:54 [-] [core_ai.langflow.client.__init__] [INFO] Langflow client initialized
2025-10-10 14:09:54 [-] [core_ai.indexing.vector_store.__init__] [INFO] Vector store initialized (persist='d:\Development\simple-cloud-kit-oss\simple-cloud-kit\sck-core-ai\data\vectordb', model='all-MiniLM-L6-v2')
2025-10-10 14:09:54 [-] [core_ai.indexing.documentation_indexer.__init__] [INFO] Documentation indexer initialized for: d:\Development\simple-cloud-kit-oss\simple-cloud-kit\sck-core-docs\build
2025-10-10 14:09:54 [-] [core_ai.indexing.codebase_indexer.__init__] [INFO] Codebase indexer initialized for workspace: d:\Development\simple-cloud-kit-oss\simple-cloud-kit
2025-10-10 14:09:55 [-] [core_ai.indexing.context_manager.__init__] [INFO] Indexing system initialized with workspace: d:\Development\simple-cloud-kit-oss\simple-cloud-kit
2025-10-10 14:10:15 [-] [core_ai.cache.run_idempotent] [DEBUG] Cache MISS for key=ai-local-idem:global:op.test:81fbc81d78c39a58aa90cc55bbfffabb4d2776a2957ce5640b82e193bc73e42a
2025-10-10 14:10:15 [-] [core_ai.cache.run_idempotent] [DEBUG] AI local idempotent store key=ai-local-idem:global:op.test:81fbc81d78c39a58aa90cc55bbfffabb4d2776a2957ce5640b82e193bc73e42a, duration_ms=0
2025-10-10 14:10:15 [-] [core_ai.cache.run_idempotent] [DEBUG] Cache HIT for key=ai-local-idem:global:op.test:81fbc81d78c39a58aa90cc55bbfffabb4d2776a2957ce5640b82e193bc73e42a
2025-10-10 14:10:16 [-] [core_ai.cache.run_idempotent] [DEBUG] Cache HIT for key=ai-local-idem:global:op.test:81fbc81d78c39a58aa90cc55bbfffabb4d2776a2957ce5640b82e193bc73e42a
2025-10-10 14:10:16 [-] [core_ai.cache.run_idempotent] [DEBUG] AI local idempotent store key=ai-local-idem:global:op.test:81fbc81d78c39a58aa90cc55bbfffabb4d2776a2957ce5640b82e193bc73e42a, duration_ms=0
2025-10-10 14:11:18 [-] [core_ai.langflow.client.__init__] [INFO] Langflow client initialized
2025-10-10 14:12:05 [-] [core_ai.langflow.client.__init__] [INFO] Langflow client initialized
2025-10-10 14:12:05 [-] [core_ai.langflow.client.process_sync] [INFO] Starting Langflow processing
2025-10-10 14:12:05 [-] [core_ai.langflow.client.process_sync] [DEBUG] Attempting Langflow execution
2025-10-10 14:12:05 [-] [core_ai.langflow.client.process_sync] [DEBUG] Attempting Langflow execution
2025-10-10 14:12:05 [-] [core_ai.langflow.client.process_sync] [DEBUG] Attempting Langflow execution
2025-10-10 14:12:05 [-] [core_ai.langflow.client.process_sync] [DEBUG] Attempting Langflow execution
2025-10-10 14:12:05 [-] [core_ai.langflow.client.process_sync] [DEBUG] Attempting Langflow execution
2025-10-10 14:12:05 [-] [core_ai.langflow.client.process_sync] [DEBUG] Attempting Langflow execution
2025-10-10 14:12:05 [-] [core_ai.langflow.client.process_sync] [DEBUG] Attempting Langflow execution
2025-10-10 14:12:05 [-] [core_ai.langflow.client.process_sync] [DEBUG] Attempting Langflow execution
2025-10-10 14:12:05 [-] [core_ai.langflow.client.process_sync] [DEBUG] Attempting Langflow execution
2025-10-10 14:12:05 [-] [core_ai.langflow.client.process_sync] [DEBUG] Attempting Langflow execution
2025-10-10 14:12:05 [-] [core_ai.langflow.client.process_sync] [DEBUG] Attempting Langflow execution
2025-10-10 14:12:05 [-] [core_ai.langflow.client.process_sync] [DEBUG] Attempting Langflow execution
2025-10-10 14:12:05 [-] [core_ai.langflow.client.process_sync] [ERROR] Langflow processing failed
2025-10-10 14:13:00 [-] [core_ai.langflow.client.__init__] [INFO] Langflow client initialized
2025-10-10 14:13:00 [-] [core_ai.langflow.client.process_sync] [INFO] Starting Langflow processing
2025-10-10 14:13:00 [-] [core_ai.langflow.client.process_sync] [DEBUG] Attempting Langflow execution
2025-10-10 14:13:00 [-] [core_ai.langflow.client.process_sync] [DEBUG] Attempting Langflow execution
2025-10-10 14:13:00 [-] [core_ai.langflow.client.process_sync] [DEBUG] Attempting Langflow execution
2025-10-10 14:13:00 [-] [core_ai.langflow.client.process_sync] [DEBUG] Attempting Langflow execution
2025-10-10 14:13:00 [-] [core_ai.langflow.client.process_sync] [DEBUG] Attempting Langflow execution
2025-10-10 14:13:00 [-] [core_ai.langflow.client.process_sync] [DEBUG] Attempting Langflow execution
2025-10-10 14:13:00 [-] [core_ai.langflow.client.process_sync] [DEBUG] Attempting Langflow execution
2025-10-10 14:13:00 [-] [core_ai.langflow.client.process_sync] [DEBUG] Attempting Langflow execution
2025-10-10 14:13:00 [-] [core_ai.langflow.client.process_sync] [DEBUG] Attempting Langflow execution
2025-10-10 14:13:00 [-] [core_ai.langflow.client.process_sync] [DEBUG] Attempting Langflow execution
2025-10-10 14:13:00 [-] [core_ai.langflow.client.process_sync] [DEBUG] Attempting Langflow execution
2025-10-10 14:13:00 [-] [core_ai.langflow.client.process_sync] [DEBUG] Attempting Langflow execution
2025-10-10 14:13:00 [-] [core_ai.langflow.client.process_sync] [ERROR] Langflow processing failed
2025-10-10 14:15:07 [-] [core_ai.langflow.client.__init__] [INFO] Langflow client initialized
2025-10-10 14:15:07 [-] [core_ai.langflow.client.process_sync] [INFO] Starting Langflow processing
2025-10-10 14:15:07 [-] [core_ai.langflow.client.process_sync] [DEBUG] Attempting Langflow execution
2025-10-10 14:15:07 [-] [core_ai.langflow.client.process_sync] [DEBUG] Attempting Langflow execution
2025-10-10 14:15:07 [-] [core_ai.langflow.client.process_sync] [DEBUG] Attempting Langflow execution
2025-10-10 14:15:07 [-] [core_ai.langflow.client.process_sync] [DEBUG] Attempting Langflow execution
2025-10-10 14:15:07 [-] [core_ai.langflow.client.process_sync] [DEBUG] Attempting Langflow execution
2025-10-10 14:15:07 [-] [core_ai.langflow.client.process_sync] [DEBUG] Attempting Langflow execution
2025-10-10 14:15:07 [-] [core_ai.langflow.client.process_sync] [DEBUG] Attempting Langflow execution
2025-10-10 14:15:07 [-] [core_ai.langflow.client.process_sync] [DEBUG] Attempting Langflow execution
2025-10-10 14:15:07 [-] [core_ai.langflow.client.process_sync] [DEBUG] Attempting Langflow execution
2025-10-10 14:15:07 [-] [core_ai.langflow.client.process_sync] [DEBUG] Attempting Langflow execution
2025-10-10 14:15:07 [-] [core_ai.langflow.client.process_sync] [DEBUG] Attempting Langflow execution
2025-10-10 14:15:07 [-] [core_ai.langflow.client.process_sync] [DEBUG] Attempting Langflow execution
2025-10-10 14:15:07 [-] [core_ai.langflow.client.process_sync] [ERROR] Langflow processing failed
2025-10-10 14:15:10 [-] [core_ai.langflow.client.__init__] [INFO] Langflow client initialized
2025-10-10 14:15:10 [-] [core_ai.indexing.vector_store.__init__] [INFO] Vector store initialized (persist='d:\Development\simple-cloud-kit-oss\simple-cloud-kit\sck-core-ai\data\vectordb', model='all-MiniLM-L6-v2')
2025-10-10 14:15:10 [-] [core_ai.indexing.documentation_indexer.__init__] [INFO] Documentation indexer initialized for: d:\Development\simple-cloud-kit-oss\simple-cloud-kit\sck-core-docs\build
2025-10-10 14:15:10 [-] [core_ai.indexing.codebase_indexer.__init__] [INFO] Codebase indexer initialized for workspace: d:\Development\simple-cloud-kit-oss\simple-cloud-kit
2025-10-10 14:15:11 [-] [core_ai.indexing.context_manager.__init__] [INFO] Indexing system initialized with workspace: d:\Development\simple-cloud-kit-oss\simple-cloud-kit
2025-10-10 14:26:25 [-] [core_ai.langflow.client.__init__] [INFO] Langflow client initialized
2025-10-10 14:26:25 [-] [core_ai.langflow.client.process_sync] [INFO] Starting Langflow processing
2025-10-10 14:26:25 [-] [core_ai.langflow.client.process_sync] [DEBUG] Attempting Langflow execution
2025-10-10 14:26:25 [-] [core_ai.langflow.client.process_sync] [DEBUG] Attempting Langflow execution
2025-10-10 14:26:25 [-] [core_ai.langflow.client.process_sync] [DEBUG] Attempting Langflow execution
2025-10-10 14:26:25 [-] [core_ai.langflow.client.process_sync] [DEBUG] Attempting Langflow execution
2025-10-10 14:26:25 [-] [core_ai.langflow.client.process_sync] [DEBUG] Attempting Langflow execution
2025-10-10 14:26:25 [-] [core_ai.langflow.client.process_sync] [DEBUG] Attempting Langflow execution
2025-10-10 14:26:25 [-] [core_ai.langflow.client.process_sync] [DEBUG] Attempting Langflow execution
2025-10-10 14:26:25 [-] [core_ai.langflow.client.process_sync] [DEBUG] Attempting Langflow execution
2025-10-10 14:26:25 [-] [core_ai.langflow.client.process_sync] [DEBUG] Attempting Langflow execution
2025-10-10 14:26:25 [-] [core_ai.langflow.client.process_sync] [DEBUG] Attempting Langflow execution
2025-10-10 14:26:25 [-] [core_ai.langflow.client.process_sync] [DEBUG] Attempting Langflow execution
2025-10-10 14:26:25 [-] [core_ai.langflow.client.process_sync] [DEBUG] Attempting Langflow execution
2025-10-10 14:26:25 [-] [core_ai.langflow.client.process_sync] [ERROR] Langflow processing failed
2025-10-10 14:27:47 [-] [core_ai.langflow.client.__init__] [INFO] Langflow client initialized
2025-10-10 14:27:47 [-] [core_ai.indexing.vector_store.__init__] [INFO] Vector store initialized (persist='d:\Development\simple-cloud-kit-oss\simple-cloud-kit\sck-core-ai\data\vectordb', model='all-MiniLM-L6-v2')
2025-10-10 14:27:47 [-] [core_ai.indexing.documentation_indexer.__init__] [INFO] Documentation indexer initialized for: d:\Development\simple-cloud-kit-oss\simple-cloud-kit\sck-core-docs\build
2025-10-10 14:27:47 [-] [core_ai.indexing.codebase_indexer.__init__] [INFO] Codebase indexer initialized for workspace: d:\Development\simple-cloud-kit-oss\simple-cloud-kit
2025-10-10 14:27:48 [-] [core_ai.indexing.context_manager.__init__] [INFO] Indexing system initialized with workspace: d:\Development\simple-cloud-kit-oss\simple-cloud-kit
2025-10-10 14:28:45 [-] [core_ai.langflow.client.__init__] [INFO] Langflow client initialized
2025-10-10 14:28:45 [-] [core_ai.indexing.vector_store.__init__] [INFO] Vector store initialized (persist='d:\Development\simple-cloud-kit-oss\simple-cloud-kit\sck-core-ai\data\vectordb', model='all-MiniLM-L6-v2')
2025-10-10 14:28:45 [-] [core_ai.indexing.documentation_indexer.__init__] [INFO] Documentation indexer initialized for: d:\Development\simple-cloud-kit-oss\simple-cloud-kit\sck-core-docs\build
2025-10-10 14:28:45 [-] [core_ai.indexing.codebase_indexer.__init__] [INFO] Codebase indexer initialized for workspace: d:\Development\simple-cloud-kit-oss\simple-cloud-kit
2025-10-10 14:28:46 [-] [core_ai.indexing.context_manager.__init__] [INFO] Indexing system initialized with workspace: d:\Development\simple-cloud-kit-oss\simple-cloud-kit
2025-10-10 14:28:57 [-] [core_ai.langflow.client.__init__] [INFO] Langflow client initialized
2025-10-10 14:28:57 [-] [core_ai.indexing.vector_store.__init__] [INFO] Vector store initialized (persist='d:\Development\simple-cloud-kit-oss\simple-cloud-kit\sck-core-ai\data\vectordb', model='all-MiniLM-L6-v2')
2025-10-10 14:28:57 [-] [core_ai.indexing.documentation_indexer.__init__] [INFO] Documentation indexer initialized for: d:\Development\simple-cloud-kit-oss\simple-cloud-kit\sck-core-docs\build
2025-10-10 14:28:57 [-] [core_ai.indexing.codebase_indexer.__init__] [INFO] Codebase indexer initialized for workspace: d:\Development\simple-cloud-kit-oss\simple-cloud-kit
2025-10-10 14:28:58 [-] [core_ai.indexing.context_manager.__init__] [INFO] Indexing system initialized with workspace: d:\Development\simple-cloud-kit-oss\simple-cloud-kit
2025-10-10 14:29:56 [-] [core_ai.langflow.client.__init__] [INFO] Langflow client initialized
2025-10-10 14:29:57 [-] [core_ai.indexing.vector_store.__init__] [INFO] Vector store initialized (persist='d:\Development\simple-cloud-kit-oss\simple-cloud-kit\sck-core-ai\data\vectordb', model='all-MiniLM-L6-v2')
2025-10-10 14:29:57 [-] [core_ai.indexing.documentation_indexer.__init__] [INFO] Documentation indexer initialized for: d:\Development\simple-cloud-kit-oss\simple-cloud-kit\sck-core-docs\build
2025-10-10 14:29:57 [-] [core_ai.indexing.codebase_indexer.__init__] [INFO] Codebase indexer initialized for workspace: d:\Development\simple-cloud-kit-oss\simple-cloud-kit
2025-10-10 14:29:57 [-] [core_ai.indexing.context_manager.__init__] [INFO] Indexing system initialized with workspace: d:\Development\simple-cloud-kit-oss\simple-cloud-kit
2025-10-10 14:32:29 [-] [core_ai.langflow.client.__init__] [INFO] Langflow client initialized
2025-10-10 14:32:29 [-] [core_ai.indexing.vector_store.__init__] [INFO] Vector store initialized (persist='d:\Development\simple-cloud-kit-oss\simple-cloud-kit\sck-core-ai\data\vectordb', model='all-MiniLM-L6-v2')
2025-10-10 14:32:29 [-] [core_ai.indexing.documentation_indexer.__init__] [INFO] Documentation indexer initialized for: d:\Development\simple-cloud-kit-oss\simple-cloud-kit\sck-core-docs\build
2025-10-10 14:32:29 [-] [core_ai.indexing.codebase_indexer.__init__] [INFO] Codebase indexer initialized for workspace: d:\Development\simple-cloud-kit-oss\simple-cloud-kit
2025-10-10 14:32:30 [-] [core_ai.indexing.context_manager.__init__] [INFO] Indexing system initialized with workspace: d:\Development\simple-cloud-kit-oss\simple-cloud-kit
